#
# A fatal error has been detected by the Java Runtime Environment:
#
#  EXCEPTION_ACCESS_VIOLATION (0xc0000005) at pc=0x0000000060bb7e50, pid=6548, tid=0x0000000000001518
#
# JRE version: OpenJDK Runtime Environment (8.0_152-b01) (build 1.8.0_152-release-915-b01)
# Java VM: OpenJDK 64-Bit Server VM (25.152-b01 mixed mode windows-amd64 compressed oops)
# Problematic frame:
# V  [jvm.dll+0x467e50]
#
# Failed to write core dump. Minidumps are not enabled by default on client versions of Windows
#
# If you would like to submit a bug report, please visit:
#   http://bugreport.java.com/bugreport/crash.jsp
#

---------------  T H R E A D  ---------------

Current thread (0x0000000052d7f000):  JavaThread "C2 CompilerThread0" daemon [_thread_in_native, id=5400, stack(0x0000000054580000,0x0000000054680000)]

siginfo: ExceptionCode=0xc0000005, reading address 0x0000000000000070

Registers:
RAX=0x0000000000000000, RBX=0x0000000054ec0b10, RCX=0x000000000000000e, RDX=0x0000000000000001
RSP=0x000000005467c310, RBP=0x0000000000000e61, RSI=0x000000005467c410, RDI=0x0000000000000e61
R8 =0x0000000000000000, R9 =0x00000000000004de, R10=0x0000000060750000, R11=0x000000005467c100
R12=0x0000000060f14070, R13=0x0000000060750000, R14=0x000000005417e128, R15=0x00000000000003d8
RIP=0x0000000060bb7e50, EFLAGS=0x0000000000010202

Top of Stack: (sp=0x000000005467c310)
0x000000005467c310:   0000000054f1fb10 0000000054f1fbb0
0x000000005467c320:   0000000000000e61 000000005467c410
0x000000005467c330:   000004e300000000 0000000000000007
0x000000005467c340:   0000000058378280 0000000000000005
0x000000005467c350:   0000000055e8d770 0000000000000024
0x000000005467c360:   0000000054f1fcf0 000000005467c700
0x000000005467c370:   000000005417dd50 000000005467c700
0x000000005467c380:   000000005417dd40 0000000060b84671
0x000000005467c390:   0000000000000000 000000005467c490
0x000000005467c3a0:   0000000000000000 0000000000000007
0x000000005467c3b0:   0000000000000002 000000005417dd40
0x000000005467c3c0:   0000000056f53950 0000000056f5a7a0
0x000000005467c3d0:   0000000056f5b938 0000000000796d88
0x000000005467c3e0:   0000000000000002 000000005417d170
0x000000005467c3f0:   000000005417d170 000000005417d180
0x000000005467c400:   000000005417d558 00000000000003d8 

Instructions: (pc=0x0000000060bb7e50)
0x0000000060bb7e30:   c0 74 68 8b c0 48 8d 1c 80 48 c1 e3 05 48 03 5e
0x0000000060bb7e40:   10 85 ff 74 93 48 8b 43 08 48 8b cd 48 c1 e9 08
0x0000000060bb7e50:   4c 8b 0c c8 4d 3b cc 75 0d 8b d7 48 8b cb e8 bd
0x0000000060bb7e60:   4a 00 00 4c 8b c8 8b d7 8b cf 41 b8 01 00 00 00 


Register to memory mapping:

RAX=0x0000000000000000 is an unknown value
RBX=0x0000000054ec0b10 is an unknown value
RCX=0x000000000000000e is an unknown value
RDX=0x0000000000000001 is an unknown value
RSP=0x000000005467c310 is pointing into the stack for thread: 0x0000000052d7f000
RBP=0x0000000000000e61 is an unknown value
RSI=0x000000005467c410 is pointing into the stack for thread: 0x0000000052d7f000
RDI=0x0000000000000e61 is an unknown value
R8 =0x0000000000000000 is an unknown value
R9 =0x00000000000004de is an unknown value
R10=0x0000000060750000 is an unknown value
R11=0x000000005467c100 is pointing into the stack for thread: 0x0000000052d7f000
R12=0x0000000060f14070 is an unknown value
R13=0x0000000060750000 is an unknown value
R14=0x000000005417e128 is an unknown value
R15=0x00000000000003d8 is an unknown value


Stack: [0x0000000054580000,0x0000000054680000],  sp=0x000000005467c310,  free space=1008k
Native frames: (J=compiled Java code, j=interpreted, Vv=VM code, C=native code)
V  [jvm.dll+0x467e50]
V  [jvm.dll+0x434671]
V  [jvm.dll+0x43f19b]
V  [jvm.dll+0x441a6e]
V  [jvm.dll+0x424b32]
V  [jvm.dll+0x80fa9]
V  [jvm.dll+0x818df]
V  [jvm.dll+0x21d06f]
V  [jvm.dll+0x26d4aa]
C  [msvcr100.dll+0x21d9f]
C  [msvcr100.dll+0x21e3b]
C  [kernel32.dll+0x159cd]
C  [ntdll.dll+0x5383d]


Current CompileTask:
C2:   6444 1248       4       org.objectweb.asm.MethodWriter::a (845 bytes)


---------------  P R O C E S S  ---------------

Java Threads: ( => current thread )
  0x0000000054183800 JavaThread "Service Thread" daemon [_thread_blocked, id=5332, stack(0x0000000053d20000,0x0000000053e20000)]
  0x0000000054161800 JavaThread "C1 CompilerThread2" daemon [_thread_blocked, id=6532, stack(0x0000000054bc0000,0x0000000054cc0000)]
  0x0000000054160000 JavaThread "C2 CompilerThread1" daemon [_thread_in_native, id=3108, stack(0x0000000054a30000,0x0000000054b30000)]
=>0x0000000052d7f000 JavaThread "C2 CompilerThread0" daemon [_thread_in_native, id=5400, stack(0x0000000054580000,0x0000000054680000)]
  0x000000005414a800 JavaThread "Attach Listener" daemon [_thread_blocked, id=5220, stack(0x00000000547e0000,0x00000000548e0000)]
  0x0000000052d6f800 JavaThread "Signal Dispatcher" daemon [_thread_blocked, id=3436, stack(0x00000000546b0000,0x00000000547b0000)]
  0x0000000052d5b000 JavaThread "Finalizer" daemon [_thread_blocked, id=5264, stack(0x0000000054040000,0x0000000054140000)]
  0x0000000052d14000 JavaThread "Reference Handler" daemon [_thread_blocked, id=6912, stack(0x0000000053e70000,0x0000000053f70000)]
  0x000000000242e800 JavaThread "main" [_thread_in_native, id=2028, stack(0x00000000026c0000,0x00000000027c0000)]

Other Threads:
  0x0000000052d0d000 VMThread [stack: 0x0000000053c10000,0x0000000053d10000] [id=1752]
  0x0000000054186800 WatcherThread [stack: 0x0000000054d90000,0x0000000054e90000] [id=1756]

VM state:not at safepoint (normal execution)

VM Mutex/Monitor currently owned by a thread: None

Heap:
 PSYoungGen      total 18944K, used 15356K [0x00000000feb00000, 0x0000000100000000, 0x0000000100000000)
  eden space 16384K, 78% used [0x00000000feb00000,0x00000000ff780e00,0x00000000ffb00000)
  from space 2560K, 99% used [0x00000000ffb00000,0x00000000ffd7e560,0x00000000ffd80000)
  to   space 2560K, 0% used [0x00000000ffd80000,0x00000000ffd80000,0x0000000100000000)
 ParOldGen       total 44032K, used 7457K [0x00000000fc000000, 0x00000000feb00000, 0x00000000feb00000)
  object space 44032K, 16% used [0x00000000fc000000,0x00000000fc7487e8,0x00000000feb00000)
 Metaspace       used 7787K, capacity 7974K, committed 8192K, reserved 1056768K
  class space    used 874K, capacity 957K, committed 1024K, reserved 1048576K

Card table byte_map: [0x0000000000160000,0x0000000000190000] byte_map_base: 0xffffffffff980000

Marking Bits: (ParMarkBitMap*) 0x0000000060f13950
 Begin Bits: [0x0000000012180000, 0x0000000012280000)
 End Bits:   [0x0000000012280000, 0x0000000012380000)

Polling page: 0x0000000000130000

CodeCache: size=245760Kb used=5184Kb max_used=5184Kb free=240575Kb
 bounds [0x00000000027c0000, 0x0000000002ce0000, 0x00000000117c0000]
 total_blobs=1604 nmethods=1269 adapters=248
 compilation: enabled

Compilation events (10 events):
Event: 6.279 Thread 0x0000000054161800 1254       3       org.objectweb.asm.AnnotationWriter::visitEnd (43 bytes)
Event: 6.279 Thread 0x0000000054161800 nmethod 1254 0x0000000002c9aad0 code [0x0000000002c9ac40, 0x0000000002c9ae30]
Event: 6.280 Thread 0x0000000054161800 1255       3       java.nio.Buffer::<init> (121 bytes)
Event: 6.281 Thread 0x0000000054161800 nmethod 1255 0x0000000002c6ec50 code [0x0000000002c6ef20, 0x0000000002c70368]
Event: 6.284 Thread 0x0000000054161800 1256       3       com.google.common.collect.Iterators::singletonIterator (9 bytes)
Event: 6.284 Thread 0x0000000054161800 nmethod 1256 0x0000000002c6e6d0 code [0x0000000002c6e840, 0x0000000002c6eaf0]
Event: 6.284 Thread 0x0000000054161800 1257       3       com.google.common.collect.Iterators$11::next (25 bytes)
Event: 6.284 Thread 0x0000000054161800 nmethod 1257 0x0000000002c6e210 code [0x0000000002c6e380, 0x0000000002c6e5e8]
Event: 6.285 Thread 0x0000000054161800 1258       3       com.google.common.collect.SingletonImmutableList::iterator (8 bytes)
Event: 6.285 Thread 0x0000000054161800 nmethod 1258 0x0000000002c6dbd0 code [0x0000000002c6dd40, 0x0000000002c6e070]

GC Heap History (10 events):
Event: 0.761 GC heap before
{Heap before GC invocations=1 (full 0):
 PSYoungGen      total 18944K, used 16384K [0x00000000feb00000, 0x0000000100000000, 0x0000000100000000)
  eden space 16384K, 100% used [0x00000000feb00000,0x00000000ffb00000,0x00000000ffb00000)
  from space 2560K, 0% used [0x00000000ffd80000,0x00000000ffd80000,0x0000000100000000)
  to   space 2560K, 0% used [0x00000000ffb00000,0x00000000ffb00000,0x00000000ffd80000)
 ParOldGen       total 44032K, used 0K [0x00000000fc000000, 0x00000000feb00000, 0x00000000feb00000)
  object space 44032K, 0% used [0x00000000fc000000,0x00000000fc000000,0x00000000feb00000)
 Metaspace       used 6576K, capacity 6740K, committed 7040K, reserved 1056768K
  class space    used 773K, capacity 824K, committed 896K, reserved 1048576K
Event: 0.815 GC heap after
Heap after GC invocations=1 (full 0):
 PSYoungGen      total 18944K, used 2552K [0x00000000feb00000, 0x0000000100000000, 0x0000000100000000)
  eden space 16384K, 0% used [0x00000000feb00000,0x00000000feb00000,0x00000000ffb00000)
  from space 2560K, 99% used [0x00000000ffb00000,0x00000000ffd7e020,0x00000000ffd80000)
  to   space 2560K, 0% used [0x00000000ffd80000,0x00000000ffd80000,0x0000000100000000)
 ParOldGen       total 44032K, used 1756K [0x00000000fc000000, 0x00000000feb00000, 0x00000000feb00000)
  object space 44032K, 3% used [0x00000000fc000000,0x00000000fc1b70a8,0x00000000feb00000)
 Metaspace       used 6576K, capacity 6740K, committed 7040K, reserved 1056768K
  class space    used 773K, capacity 824K, committed 896K, reserved 1048576K
}
Event: 1.838 GC heap before
{Heap before GC invocations=2 (full 0):
 PSYoungGen      total 18944K, used 18936K [0x00000000feb00000, 0x0000000100000000, 0x0000000100000000)
  eden space 16384K, 100% used [0x00000000feb00000,0x00000000ffb00000,0x00000000ffb00000)
  from space 2560K, 99% used [0x00000000ffb00000,0x00000000ffd7e020,0x00000000ffd80000)
  to   space 2560K, 0% used [0x00000000ffd80000,0x00000000ffd80000,0x0000000100000000)
 ParOldGen       total 44032K, used 1756K [0x00000000fc000000, 0x00000000feb00000, 0x00000000feb00000)
  object space 44032K, 3% used [0x00000000fc000000,0x00000000fc1b70a8,0x00000000feb00000)
 Metaspace       used 7459K, capacity 7590K, committed 7680K, reserved 1056768K
  class space    used 873K, capacity 957K, committed 1024K, reserved 1048576K
Event: 1.860 GC heap after
Heap after GC invocations=2 (full 0):
 PSYoungGen      total 18944K, used 2537K [0x00000000feb00000, 0x0000000100000000, 0x0000000100000000)
  eden space 16384K, 0% used [0x00000000feb00000,0x00000000feb00000,0x00000000ffb00000)
  from space 2560K, 99% used [0x00000000ffd80000,0x00000000ffffa550,0x0000000100000000)
  to   space 2560K, 0% used [0x00000000ffb00000,0x00000000ffb00000,0x00000000ffd80000)
 ParOldGen       total 44032K, used 6271K [0x00000000fc000000, 0x00000000feb00000, 0x00000000feb00000)
  object space 44032K, 14% used [0x00000000fc000000,0x00000000fc61fdb0,0x00000000feb00000)
 Metaspace       used 7459K, capacity 7590K, committed 7680K, reserved 1056768K
  class space    used 873K, capacity 957K, committed 1024K, reserved 1048576K
}
Event: 2.143 GC heap before
{Heap before GC invocations=3 (full 0):
 PSYoungGen      total 18944K, used 18921K [0x00000000feb00000, 0x0000000100000000, 0x0000000100000000)
  eden space 16384K, 100% used [0x00000000feb00000,0x00000000ffb00000,0x00000000ffb00000)
  from space 2560K, 99% used [0x00000000ffd80000,0x00000000ffffa550,0x0000000100000000)
  to   space 2560K, 0% used [0x00000000ffb00000,0x00000000ffb00000,0x00000000ffd80000)
 ParOldGen       total 44032K, used 6271K [0x00000000fc000000, 0x00000000feb00000, 0x00000000feb00000)
  object space 44032K, 14% used [0x00000000fc000000,0x00000000fc61fdb0,0x00000000feb00000)
 Metaspace       used 7720K, capacity 7910K, committed 8192K, reserved 1056768K
  class space    used 873K, capacity 957K, committed 1024K, reserved 1048576K
Event: 3.437 GC heap after
Heap after GC invocations=3 (full 0):
 PSYoungGen      total 18944K, used 2548K [0x00000000feb00000, 0x0000000100000000, 0x0000000100000000)
  eden space 16384K, 0% used [0x00000000feb00000,0x00000000feb00000,0x00000000ffb00000)
  from space 2560K, 99% used [0x00000000ffb00000,0x00000000ffd7d0b0,0x00000000ffd80000)
  to   space 2560K, 0% used [0x00000000ffd80000,0x00000000ffd80000,0x0000000100000000)
 ParOldGen       total 44032K, used 7210K [0x00000000fc000000, 0x00000000feb00000, 0x00000000feb00000)
  object space 44032K, 16% used [0x00000000fc000000,0x00000000fc70a900,0x00000000feb00000)
 Metaspace       used 7720K, capacity 7910K, committed 8192K, reserved 1056768K
  class space    used 873K, capacity 957K, committed 1024K, reserved 1048576K
}
Event: 4.330 GC heap before
{Heap before GC invocations=4 (full 0):
 PSYoungGen      total 18944K, used 18932K [0x00000000feb00000, 0x0000000100000000, 0x0000000100000000)
  eden space 16384K, 100% used [0x00000000feb00000,0x00000000ffb00000,0x00000000ffb00000)
  from space 2560K, 99% used [0x00000000ffb00000,0x00000000ffd7d0b0,0x00000000ffd80000)
  to   space 2560K, 0% used [0x00000000ffd80000,0x00000000ffd80000,0x0000000100000000)
 ParOldGen       total 44032K, used 7210K [0x00000000fc000000, 0x00000000feb00000, 0x00000000feb00000)
  object space 44032K, 16% used [0x00000000fc000000,0x00000000fc70a900,0x00000000feb00000)
 Metaspace       used 7747K, capacity 7910K, committed 8192K, reserved 1056768K
  class space    used 873K, capacity 957K, committed 1024K, reserved 1048576K
Event: 4.558 GC heap after
Heap after GC invocations=4 (full 0):
 PSYoungGen      total 18944K, used 2553K [0x00000000feb00000, 0x0000000100000000, 0x0000000100000000)
  eden space 16384K, 0% used [0x00000000feb00000,0x00000000feb00000,0x00000000ffb00000)
  from space 2560K, 99% used [0x00000000ffd80000,0x00000000ffffe540,0x0000000100000000)
  to   space 2560K, 0% used [0x00000000ffb00000,0x00000000ffb00000,0x00000000ffd80000)
 ParOldGen       total 44032K, used 7234K [0x00000000fc000000, 0x00000000feb00000, 0x00000000feb00000)
  object space 44032K, 16% used [0x00000000fc000000,0x00000000fc710900,0x00000000feb00000)
 Metaspace       used 7747K, capacity 7910K, committed 8192K, reserved 1056768K
  class space    used 873K, capacity 957K, committed 1024K, reserved 1048576K
}
Event: 5.840 GC heap before
{Heap before GC invocations=5 (full 0):
 PSYoungGen      total 18944K, used 18937K [0x00000000feb00000, 0x0000000100000000, 0x0000000100000000)
  eden space 16384K, 100% used [0x00000000feb00000,0x00000000ffb00000,0x00000000ffb00000)
  from space 2560K, 99% used [0x00000000ffd80000,0x00000000ffffe540,0x0000000100000000)
  to   space 2560K, 0% used [0x00000000ffb00000,0x00000000ffb00000,0x00000000ffd80000)
 ParOldGen       total 44032K, used 7234K [0x00000000fc000000, 0x00000000feb00000, 0x00000000feb00000)
  object space 44032K, 16% used [0x00000000fc000000,0x00000000fc710900,0x00000000feb00000)
 Metaspace       used 7769K, capacity 7974K, committed 8192K, reserved 1056768K
  class space    used 873K, capacity 957K, committed 1024K, reserved 1048576K
Event: 5.984 GC heap after
Heap after GC invocations=5 (full 0):
 PSYoungGen      total 18944K, used 2553K [0x00000000feb00000, 0x0000000100000000, 0x0000000100000000)
  eden space 16384K, 0% used [0x00000000feb00000,0x00000000feb00000,0x00000000ffb00000)
  from space 2560K, 99% used [0x00000000ffb00000,0x00000000ffd7e560,0x00000000ffd80000)
  to   space 2560K, 0% used [0x00000000ffd80000,0x00000000ffd80000,0x0000000100000000)
 ParOldGen       total 44032K, used 7457K [0x00000000fc000000, 0x00000000feb00000, 0x00000000feb00000)
  object space 44032K, 16% used [0x00000000fc000000,0x00000000fc7487e8,0x00000000feb00000)
 Metaspace       used 7769K, capacity 7974K, committed 8192K, reserved 1056768K
  class space    used 873K, capacity 957K, committed 1024K, reserved 1048576K
}

Deoptimization events (10 events):
Event: 1.898 Thread 0x000000000242e800 Uncommon trap: reason=unstable_if action=reinterpret pc=0x0000000002ae2020 method=org.objectweb.asm.ByteVector.putUTF8(Ljava/lang/String;)Lorg/objectweb/asm/ByteVector; @ 98
Event: 1.898 Thread 0x000000000242e800 Uncommon trap: reason=unstable_if action=reinterpret pc=0x0000000002a86d28 method=org.objectweb.asm.ByteVector.putUTF8(Ljava/lang/String;)Lorg/objectweb/asm/ByteVector; @ 98
Event: 1.907 Thread 0x000000000242e800 Uncommon trap: reason=unstable_if action=reinterpret pc=0x0000000002adf5fc method=org.objectweb.asm.Item.a(Lorg/objectweb/asm/Item;)Z @ 251
Event: 2.027 Thread 0x000000000242e800 Uncommon trap: reason=unstable_if action=reinterpret pc=0x0000000002af0df4 method=org.objectweb.asm.MethodWriter.visitVarInsn(II)V @ 148
Event: 2.085 Thread 0x000000000242e800 Uncommon trap: reason=unstable_if action=reinterpret pc=0x0000000002b577d8 method=java.io.BufferedOutputStream.write(I)V @ 9
Event: 2.090 Thread 0x000000000242e800 Uncommon trap: reason=unstable_if action=reinterpret pc=0x0000000002b5ab88 method=org.objectweb.asm.Item.a(Lorg/objectweb/asm/Item;)Z @ 345
Event: 3.878 Thread 0x000000000242e800 Uncommon trap: reason=null_check action=make_not_entrant pc=0x0000000002bef8d0 method=com.google.devtools.build.android.desugar.InterfaceDesugaring$InterfaceInvocationRewriter.visitMethodInsn(ILjava/lang/String;Ljava/lang/String;Ljava/lang/String;Z)V @ 10
Event: 3.878 Thread 0x000000000242e800 Uncommon trap: reason=null_check action=make_not_entrant pc=0x0000000002be1a4c method=com.google.devtools.build.android.desugar.InterfaceDesugaring$InterfaceInvocationRewriter.visitMethodInsn(ILjava/lang/String;Ljava/lang/String;Ljava/lang/String;Z)V @ 10
Event: 5.493 Thread 0x000000000242e800 Uncommon trap: reason=unstable_if action=reinterpret pc=0x0000000002b28b50 method=org.objectweb.asm.ClassReader.a(II[C)Ljava/lang/String; @ 98
Event: 5.723 Thread 0x000000000242e800 Uncommon trap: reason=unstable_if action=reinterpret pc=0x0000000002b49a9c method=org.objectweb.asm.ByteVector.putUTF8(Ljava/lang/String;)Lorg/objectweb/asm/ByteVector; @ 91

Classes redefined (0 events):
No events

Internal exceptions (10 events):
Event: 3.567 Thread 0x000000000242e800 Exception <a 'sun/nio/fs/WindowsException'> (0x00000000ff373a48) thrown at [D:\src\AOSP-openjdk-cygwin\jdk8u\hotspot\src\share\vm\prims\jni.cpp, line 709]
Event: 3.567 Thread 0x000000000242e800 Exception <a 'sun/nio/fs/WindowsException'> (0x00000000ff373f40) thrown at [D:\src\AOSP-openjdk-cygwin\jdk8u\hotspot\src\share\vm\prims\jni.cpp, line 709]
Event: 3.611 Thread 0x000000000242e800 Exception <a 'sun/nio/fs/WindowsException'> (0x00000000ff7c0140) thrown at [D:\src\AOSP-openjdk-cygwin\jdk8u\hotspot\src\share\vm\prims\jni.cpp, line 709]
Event: 3.611 Thread 0x000000000242e800 Exception <a 'sun/nio/fs/WindowsException'> (0x00000000ff7c0638) thrown at [D:\src\AOSP-openjdk-cygwin\jdk8u\hotspot\src\share\vm\prims\jni.cpp, line 709]
Event: 3.878 Thread 0x000000000242e800 Implicit null exception at 0x0000000002becc07 to 0x0000000002bef8ad
Event: 3.878 Thread 0x000000000242e800 Implicit null exception at 0x0000000002be175a to 0x0000000002be1a29
Event: 4.989 Thread 0x000000000242e800 Exception <a 'sun/nio/fs/WindowsException'> (0x00000000ff551968) thrown at [D:\src\AOSP-openjdk-cygwin\jdk8u\hotspot\src\share\vm\prims\jni.cpp, line 709]
Event: 4.989 Thread 0x000000000242e800 Exception <a 'sun/nio/fs/WindowsException'> (0x00000000ff551e60) thrown at [D:\src\AOSP-openjdk-cygwin\jdk8u\hotspot\src\share\vm\prims\jni.cpp, line 709]
Event: 5.824 Thread 0x000000000242e800 Exception <a 'sun/nio/fs/WindowsException'> (0x00000000ffaed648) thrown at [D:\src\AOSP-openjdk-cygwin\jdk8u\hotspot\src\share\vm\prims\jni.cpp, line 709]
Event: 5.824 Thread 0x000000000242e800 Exception <a 'sun/nio/fs/WindowsException'> (0x00000000ffaedb40) thrown at [D:\src\AOSP-openjdk-cygwin\jdk8u\hotspot\src\share\vm\prims\jni.cpp, line 709]

Events (10 events):
Event: 5.723 Thread 0x000000000242e800 DEOPT PACKING pc=0x0000000002b49a9c sp=0x00000000027bea50
Event: 5.723 Thread 0x000000000242e800 DEOPT UNPACKING pc=0x000000000280556a sp=0x00000000027be9b0 mode 2
Event: 5.839 Executing VM operation: ParallelGCFailedAllocation
Event: 5.984 Executing VM operation: ParallelGCFailedAllocation done
Event: 6.051 Executing VM operation: RevokeBias
Event: 6.058 Executing VM operation: RevokeBias done
Event: 6.084 Executing VM operation: RevokeBias
Event: 6.137 Executing VM operation: RevokeBias done
Event: 6.167 Executing VM operation: RevokeBias
Event: 6.167 Executing VM operation: RevokeBias done


Dynamic libraries:
0x000000013fd60000 - 0x000000013fd91000 	C:\Program Files\Android\Android Studio\jre\bin\java.exe
0x0000000076e10000 - 0x0000000076faf000 	C:\Windows\SYSTEM32\ntdll.dll
0x0000000076bf0000 - 0x0000000076d0f000 	C:\Windows\system32\kernel32.dll
0x000007fefcbd0000 - 0x000007fefcc3a000 	C:\Windows\system32\KERNELBASE.dll
0x000007fefe190000 - 0x000007fefe26b000 	C:\Windows\system32\ADVAPI32.dll
0x000007fefcea0000 - 0x000007fefcf3f000 	C:\Windows\system32\msvcrt.dll
0x000007fefe6b0000 - 0x000007fefe6cf000 	C:\Windows\SYSTEM32\sechost.dll
0x000007fefe060000 - 0x000007fefe18d000 	C:\Windows\system32\RPCRT4.dll
0x0000000076d10000 - 0x0000000076e0a000 	C:\Windows\system32\USER32.dll
0x000007fefefc0000 - 0x000007feff027000 	C:\Windows\system32\GDI32.dll
0x000007fefe050000 - 0x000007fefe05e000 	C:\Windows\system32\LPK.dll
0x000007feff030000 - 0x000007feff0fb000 	C:\Windows\system32\USP10.dll
0x000007fefb1b0000 - 0x000007fefb3a4000 	C:\Windows\WinSxS\amd64_microsoft.windows.common-controls_6595b64144ccf1df_6.0.7601.18837_none_fa3b1e3d17594757\COMCTL32.dll
0x000007fefdfd0000 - 0x000007fefe041000 	C:\Windows\system32\SHLWAPI.dll
0x000007fefe270000 - 0x000007fefe29e000 	C:\Windows\system32\IMM32.DLL
0x000007fefe6e0000 - 0x000007fefe7e9000 	C:\Windows\system32\MSCTF.dll
0x000000005c640000 - 0x000000005c712000 	C:\Program Files\Android\Android Studio\jre\jre\bin\msvcr100.dll
0x0000000060750000 - 0x0000000060f8e000 	C:\Program Files\Android\Android Studio\jre\jre\bin\server\jvm.dll
0x000007fef0ba0000 - 0x000007fef0ba9000 	C:\Windows\system32\WSOCK32.dll
0x000007fefea70000 - 0x000007fefeabd000 	C:\Windows\system32\WS2_32.dll
0x000007fefe6d0000 - 0x000007fefe6d8000 	C:\Windows\system32\NSI.dll
0x000007fefa050000 - 0x000007fefa08b000 	C:\Windows\system32\WINMM.dll
0x000007fefb970000 - 0x000007fefb97c000 	C:\Windows\system32\VERSION.dll
0x0000000076fb0000 - 0x0000000076fb7000 	C:\Windows\system32\PSAPI.DLL
0x000007fef0b90000 - 0x000007fef0b9f000 	C:\Program Files\Android\Android Studio\jre\jre\bin\verify.dll
0x000007fef0b60000 - 0x000007fef0b89000 	C:\Program Files\Android\Android Studio\jre\jre\bin\java.dll
0x000007fef0b40000 - 0x000007fef0b56000 	C:\Program Files\Android\Android Studio\jre\jre\bin\zip.dll
0x000007fefd240000 - 0x000007fefdfcb000 	C:\Windows\system32\SHELL32.dll
0x000007fefcfe0000 - 0x000007fefd1dd000 	C:\Windows\system32\ole32.dll
0x000007fefcae0000 - 0x000007fefcaef000 	C:\Windows\system32\profapi.dll
0x000007fefc2a0000 - 0x000007fefc2b8000 	C:\Windows\system32\CRYPTSP.dll
0x000007fefbfa0000 - 0x000007fefbfe7000 	C:\Windows\system32\rsaenh.dll
0x000007fefcc40000 - 0x000007fefcc5e000 	C:\Windows\system32\USERENV.dll
0x000007fefc940000 - 0x000007fefc94f000 	C:\Windows\system32\CRYPTBASE.dll
0x000007fef0b20000 - 0x000007fef0b3a000 	C:\Program Files\Android\Android Studio\jre\jre\bin\net.dll
0x000007fefc240000 - 0x000007fefc295000 	C:\Windows\system32\mswsock.dll
0x000007fefc230000 - 0x000007fefc237000 	C:\Windows\System32\wship6.dll
0x000007fefa180000 - 0x000007fefa1a7000 	C:\Windows\system32\IPHLPAPI.DLL
0x000007fefa170000 - 0x000007fefa17b000 	C:\Windows\system32\WINNSI.DLL
0x000007fef9870000 - 0x000007fef9881000 	C:\Windows\system32\dhcpcsvc6.DLL
0x000007fef9750000 - 0x000007fef9768000 	C:\Windows\system32\dhcpcsvc.DLL
0x000007fef0b00000 - 0x000007fef0b11000 	C:\Program Files\Android\Android Studio\jre\jre\bin\nio.dll
0x000007feef770000 - 0x000007feef895000 	C:\Windows\system32\dbghelp.dll

VM Arguments:
jvm_args: -Djava.awt.headless=true -Xmx64M -Dfile.encoding=GBK -Duser.country=CN -Duser.language=zh -Duser.variant 
java_command: com.google.devtools.build.android.desugar.Desugar @E:\autobahn-java-master\app\build\intermediates\tmp\desugar_args3815850565000825865
java_class_path (initial): C:\Users\Administrator\AppData\Local\Temp\desugar_deploy.jar527802142220294839
Launcher Type: SUN_STANDARD

Environment Variables:
JAVA_HOME=C:\Program Files\Java\jdk1.8.0_161
CLASSPATH=.;C:\Program Files\Java\jdk1.8.0_161\lib\dt.jar;C:\Program Files\Java\jdk1.8.0_161\lib\tools.jar
PATH=C:\ProgramData\Oracle\Java\javapath;C:\Windows\system32;C:\Windows;C:\Windows\System32\Wbem;C:\Windows\System32\WindowsPowerShell\v1.0\ ;C:\Program Files\Java\jdk1.8.0_161\bin;D:\Sdk\platform-tools;C:\Program Files\TortoiseSVN\bin;C:\Users\Administrator\AppData\Local\GitHubDesktop\bin
USERNAME=Administrator
OS=Windows_NT
PROCESSOR_IDENTIFIER=Intel64 Family 6 Model 158 Stepping 9, GenuineIntel



---------------  S Y S T E M  ---------------

OS: Windows 7 , 64 bit Build 7601 (6.1.7601.24059)

CPU:total 4 (initial active 4) (4 cores per cpu, 1 threads per core) family 6 model 158 stepping 9, cmov, cx8, fxsr, mmx, sse, sse2, sse3, ssse3, sse4.1, sse4.2, popcnt, avx, avx2, aes, clmul, erms, rtm, 3dnowpref, lzcnt, tsc, tscinvbit, bmi1, bmi2, adx

Memory: 4k page, physical 4149644k(31448k free), swap 8297412k(2002844k free)

vm_info: OpenJDK 64-Bit Server VM (25.152-b01) for windows-amd64 JRE (1.8.0_152-release-915-b01), built by "builder" with MS VC++ 10.0 (VS2010)

time: Tue Mar 20 16:38:53 2018
elapsed time: 6 seconds (0d 0h 0m 6s)

